<?xml version="1.0" encoding="UTF-8"?>
<testsuite xmlns:xsi="http://www.w3.org/2001/XMLSchema-instance" xsi:noNamespaceSchemaLocation="https://maven.apache.org/surefire/maven-surefire-plugin/xsd/surefire-test-report-3.0.xsd" version="3.0" name="com.HolosINC.Holos.HolosApplicationTests" time="9.463" tests="1" errors="0" skipped="0" failures="0">
  <properties>
[...]
</properties>
  <testcase name="contextLoads" classname="com.HolosINC.Holos.HolosApplicationTests" time="0.527">
    <system-out><![CDATA[16:08:33.801 [main] INFO org.springframework.test.context.support.AnnotationConfigContextLoaderUtils -- Could not detect default configuration classes for test class [com.HolosINC.Holos.HolosApplicationTests]: HolosApplicationTests does not declare any static, non-private, non-final, nested classes annotated with @Configuration.
16:08:33.923 [main] INFO org.springframework.boot.test.context.SpringBootTestContextBootstrapper -- Found @SpringBootConfiguration com.HolosINC.Holos.HolosApplication for test class com.HolosINC.Holos.HolosApplicationTests

  .   ____          _            __ _ _
 /\\ / ___'_ __ _ _(_)_ __  __ _ \ \ \ \
( ( )\___ | '_ | '_| | '_ \/ _` | \ \ \ \
 \\/  ___)| |_)| | | | | || (_| |  ) ) ) )
  '  |____| .__|_| |_|_| |_\__, | / / / /
 =========|_|==============|___/=/_/_/_/
 :: Spring Boot ::                (v3.1.1)

2025-03-19 16:08:34 [main] WARN  o.s.b.t.j.DuplicateJsonObjectContextCustomizerFactory$DuplicateJsonObjectContextCustomizer - 

Found multiple occurrences of org.json.JSONObject on the class path:

	jar:file:/C:/Users/juamo/.m2/repository/com/vaadin/external/google/android-json/0.0.20131108.vaadin1/android-json-0.0.20131108.vaadin1.jar!/org/json/JSONObject.class
	jar:file:/C:/Users/juamo/.m2/repository/org/json/json/20230227/json-20230227.jar!/org/json/JSONObject.class

You may wish to exclude one of them to ensure predictable runtime behavior

2025-03-19 16:08:34 [main] INFO  c.H.Holos.HolosApplicationTests - Starting HolosApplicationTests using Java 17.0.12 with PID 3600 (started by juamo in C:\Users\juamo\Desktop\Acme-ANS-D0)
2025-03-19 16:08:34 [main] INFO  c.H.Holos.HolosApplicationTests - No active profile set, falling back to 1 default profile: "default"
2025-03-19 16:08:35 [main] INFO  o.s.d.r.c.RepositoryConfigurationDelegate - Bootstrapping Spring Data JPA repositories in DEFAULT mode.
2025-03-19 16:08:35 [main] INFO  o.s.d.r.c.RepositoryConfigurationDelegate - Finished Spring Data repository scanning in 183 ms. Found 14 JPA repository interfaces.
2025-03-19 16:08:36 [main] INFO  o.s.o.j.p.SpringPersistenceUnitInfo - No LoadTimeWeaver setup: ignoring JPA class transformer
Hibernate: alter table artist_category drop foreign key FKtqlg22eq85vjalpb899tupyqk
Hibernate: alter table artist_category drop foreign key FKqkkdx0w5mic94pdkf3mr82qhj
Hibernate: alter table artists drop foreign key FK7nhcm4mhl7tookdw9vckhh2lx
Hibernate: alter table base_user drop foreign key FK3gyucwxj9s76dhubead2tte8u
Hibernate: alter table clients drop foreign key FKm9m6w186psum0jj0y9l31419p
Hibernate: alter table commisions drop foreign key FKgm47a4vk23mu3bywy8h4uj19h
Hibernate: alter table commisions drop foreign key FKpkpbqmvqwqj0wfilsi3xnd22j
Hibernate: alter table commisions drop foreign key FK_3jywq56bk4tao34tjm6glnvnj
Hibernate: alter table milestones drop foreign key FK9nxot0pn2s033gsqf0qod907l
Hibernate: alter table report_types drop foreign key FKnofaekiiag53uxc3bn19p9vxd
Hibernate: alter table reports drop foreign key FK5bk0j3sy574jsow4v5623vx4
Hibernate: alter table reports drop foreign key FKne13w5w5eqt62vcbuwchteyha
Hibernate: alter table status_kanban_order drop foreign key FKgqh2wvpfuo78hwcme52gjvfrv
Hibernate: alter table work_category drop foreign key FKsc4b11c4lupa129pi1y91i4lm
Hibernate: alter table works drop foreign key FK6kip484gqcclkjvcvbml48wsf
Hibernate: alter table works_done drop foreign key FK_b07k311hlkbhjgpdghslnxte6
Hibernate: drop table if exists artist_category
Hibernate: drop table if exists artists
Hibernate: drop table if exists authorities
Hibernate: drop table if exists base_user
Hibernate: drop table if exists categories
Hibernate: drop table if exists clients
Hibernate: drop table if exists commisions
Hibernate: drop table if exists entity_sequence
Hibernate: drop table if exists milestones
Hibernate: drop table if exists report_types
Hibernate: drop table if exists reports
Hibernate: drop table if exists status_kanban_order
Hibernate: drop table if exists work_category
Hibernate: drop table if exists works
Hibernate: drop table if exists works_done
Hibernate: create table artist_category (artist_id bigint not null, category_id bigint not null, id bigint not null, primary key (id)) engine=InnoDB
Hibernate: create table artists (num_slots_of_work integer, base_user_id bigint, id bigint not null, email varchar(255), first_name varchar(255), table_commisions_price varchar(255), username varchar(255), primary key (id)) engine=InnoDB
Hibernate: create table authorities (id bigint not null, authority varchar(20), primary key (id)) engine=InnoDB
Hibernate: create table base_user (authority bigint not null, created_user datetime(6), id bigint not null, email varchar(255), first_name varchar(255), image_profile varchar(255), password varchar(255), phone_number varchar(255), username varchar(255), primary key (id)) engine=InnoDB
Hibernate: create table categories (id bigint not null, description varchar(255), image varchar(255), name varchar(255), primary key (id)) engine=InnoDB
Hibernate: create table clients (base_user_id bigint, id bigint not null, primary key (id)) engine=InnoDB
Hibernate: create table commisions (accepted_date_by_artist date, num_milestones integer, price float(53), artist_id bigint not null, client_id bigint not null, id bigint not null, status_kanban_order_id bigint, description varchar(255), name varchar(255), payment_arrangement enum ('FIFTYFIFTY','FINAL','INITIAL','MODERATOR'), status enum ('ACCEPTED','CANCELED','ENDED','IN_WAIT_LIST','REJECTED','REQUESTED'), primary key (id)) engine=InnoDB
Hibernate: create table entity_sequence (next_val bigint) engine=InnoDB
Hibernate: insert into entity_sequence values ( 500 )
Hibernate: create table milestones (accepted bit not null, commision_id bigint, id bigint not null, milestone_date datetime(6) not null, name varchar(50), primary key (id)) engine=InnoDB
Hibernate: create table report_types (id bigint not null, report_id bigint, type varchar(50) not null, primary key (id)) engine=InnoDB
Hibernate: create table reports (status tinyint not null check (status between 0 and 2), id bigint not null, made_by_id bigint not null, reported_user_id bigint not null, work_id bigint not null, name varchar(50) not null, description varchar(255) not null, primary key (id)) engine=InnoDB
Hibernate: create table status_kanban_order (order_in_kanban integer, artist_id bigint not null, id bigint not null, color varchar(255), description varchar(255), name varchar(255) not null, primary key (id)) engine=InnoDB
Hibernate: create table work_category (category_id bigint not null, id bigint not null, work_id bigint not null, primary key (id)) engine=InnoDB
Hibernate: create table works (price float(53), artist_id bigint not null, id bigint not null, description varchar(255), name varchar(255), primary key (id)) engine=InnoDB
Hibernate: create table works_done (price float(53), artist_id bigint not null, id bigint not null, description varchar(255), image varchar(255), name varchar(255), primary key (id)) engine=InnoDB
Hibernate: alter table artist_category add constraint UKdbdwn1c20dj7inbr9bii38iuh unique (artist_id, category_id)
Hibernate: alter table artists add constraint UK_pi4jkmyn9etvfrmpdkrjmvpf4 unique (base_user_id)
Hibernate: alter table clients add constraint UK_a6169g7oqabf9u6jwtumfja45 unique (base_user_id)
Hibernate: alter table reports add constraint UK_tl5em2xg3wkp3v83k6plibobe unique (made_by_id)
Hibernate: alter table reports add constraint UK_ktur6cs698ohxqrusi771ksde unique (reported_user_id)
Hibernate: alter table status_kanban_order add constraint UK9dm5xmlk9tuvx4aamtmnl7fnc unique (order_in_kanban, artist_id)
Hibernate: alter table work_category add constraint UKlhhu42sd6ii6w3doapkot5831 unique (category_id, work_id)
Hibernate: alter table artist_category add constraint FKtqlg22eq85vjalpb899tupyqk foreign key (artist_id) references artists (id)
Hibernate: alter table artist_category add constraint FKqkkdx0w5mic94pdkf3mr82qhj foreign key (category_id) references categories (id)
Hibernate: alter table artists add constraint FK7nhcm4mhl7tookdw9vckhh2lx foreign key (base_user_id) references base_user (id)
Hibernate: alter table base_user add constraint FK3gyucwxj9s76dhubead2tte8u foreign key (authority) references authorities (id)
Hibernate: alter table clients add constraint FKm9m6w186psum0jj0y9l31419p foreign key (base_user_id) references base_user (id)
Hibernate: alter table commisions add constraint FKgm47a4vk23mu3bywy8h4uj19h foreign key (client_id) references clients (id)
Hibernate: alter table commisions add constraint FKpkpbqmvqwqj0wfilsi3xnd22j foreign key (status_kanban_order_id) references status_kanban_order (id)
Hibernate: alter table commisions add constraint FK_3jywq56bk4tao34tjm6glnvnj foreign key (artist_id) references artists (id)
Hibernate: alter table milestones add constraint FK9nxot0pn2s033gsqf0qod907l foreign key (commision_id) references commisions (id)
Hibernate: alter table report_types add constraint FKnofaekiiag53uxc3bn19p9vxd foreign key (report_id) references reports (id)
Hibernate: alter table reports add constraint FK5bk0j3sy574jsow4v5623vx4 foreign key (made_by_id) references base_user (id)
Hibernate: alter table reports add constraint FKne13w5w5eqt62vcbuwchteyha foreign key (reported_user_id) references base_user (id)
Hibernate: alter table status_kanban_order add constraint FKgqh2wvpfuo78hwcme52gjvfrv foreign key (artist_id) references artists (id)
Hibernate: alter table work_category add constraint FKsc4b11c4lupa129pi1y91i4lm foreign key (category_id) references categories (id)
Hibernate: alter table works add constraint FK6kip484gqcclkjvcvbml48wsf foreign key (artist_id) references artists (id)
Hibernate: alter table works_done add constraint FK_b07k311hlkbhjgpdghslnxte6 foreign key (artist_id) references artists (id)
2025-03-19 16:08:39 [main] INFO  o.s.o.j.LocalContainerEntityManagerFactoryBean - Initialized JPA EntityManagerFactory for persistence unit 'default'
2025-03-19 16:08:40 [main] INFO  o.s.d.j.r.query.QueryEnhancerFactory - Hibernate is in classpath; If applicable, HQL parser will be used.
2025-03-19 16:08:41 [main] WARN  o.s.b.a.o.j.JpaBaseConfiguration$JpaWebConfiguration - spring.jpa.open-in-view is enabled by default. Therefore, database queries may be performed during view rendering. Explicitly configure spring.jpa.open-in-view to disable this warning
2025-03-19 16:08:41 [main] INFO  o.s.b.a.w.s.WelcomePageHandlerMapping - Adding welcome page template: index
2025-03-19 16:08:41 [main] INFO  o.s.b.a.e.web.EndpointLinksResolver - Exposing 1 endpoint(s) beneath base path '/actuator'
2025-03-19 16:08:41 [main] INFO  o.s.s.web.DefaultSecurityFilterChain - Will secure any request with [org.springframework.security.web.session.DisableEncodeUrlFilter@3e230171, org.springframework.security.web.context.request.async.WebAsyncManagerIntegrationFilter@52386242, org.springframework.security.web.context.SecurityContextHolderFilter@61bfee77, org.springframework.security.web.header.HeaderWriterFilter@18626c8c, org.springframework.web.filter.CorsFilter@648a8be4, org.springframework.security.web.authentication.logout.LogoutFilter@5a7686, com.HolosINC.Holos.configuration.jwt.AuthTokenFilter@238015c9, org.springframework.security.web.savedrequest.RequestCacheAwareFilter@67af3485, org.springframework.security.web.servletapi.SecurityContextHolderAwareRequestFilter@5c0b55bc, org.springframework.security.web.authentication.AnonymousAuthenticationFilter@269782e, org.springframework.security.web.session.SessionManagementFilter@4d40fe37, org.springframework.security.web.access.ExceptionTranslationFilter@455cd186, org.springframework.security.web.access.intercept.AuthorizationFilter@2de833e4]
2025-03-19 16:08:42 [main] DEBUG o.s.jdbc.datasource.init.ScriptUtils - Executing SQL script from file [C:\Users\juamo\Desktop\Acme-ANS-D0\target\classes\data.sql]
2025-03-19 16:08:42 [main] DEBUG o.s.jdbc.datasource.init.ScriptUtils - 3 returned as update count for SQL: INSERT INTO authorities (id, authority) VALUES (1, 'ADMIN'), (2, 'CLIENT'), (3, 'ARTIST')
2025-03-19 16:08:42 [main] DEBUG o.s.jdbc.datasource.init.ScriptUtils - 41 returned as update count for SQL: INSERT INTO base_user (id, first_name, username, password, email, phone_number, image_profile, created_user, authority) VALUES (1, 'client1', 'client1', '$2a$10$bQCIA7E2i4469olxpfn9keJqj22QmiDRZHQ2JbAKWUgYLK7ZgAnae', 'client1@gmail.com', '600619217', NULL, '2025-03-06', 2), (2, 'Jeenii', 'jeenni', '$2a$10$Kpe6DPMrQ3cVvUX7InB/C.l556UiudzbjVt/u/fhejE5l.hBW6FZi', 'reinapata20@gmail.com', '123456789', NULL, '2025-03-06', 2), (3, 'Emilio', 'emilio', '$2a$10$14GTyUA2jImRAIvh9p9yNe.2DC818K1/y7CX9VP3hWp4L5gnr9oeS', 'emilio.esp99@gmail.com', '123456789', NULL, '2025-03-06', 2), (4, 'Rafael', 'rafael', '$2a$10$VnAjVwBaTBSA7pQdjKh5TO4yZOntRUHZHnk8CQg4ecsjsPnSj4U4m', 'dekker.rafa@gmail.com', '123456789', NULL, '2025-03-06', 2), (5, 'Felix', 'felix', '$2a$10$9.MybxxeKNeN/EpqKZ72OOuGnMqjoDZAz3/GNysTK/yNplP6TuGNW', 'felixsv26@gmail.com', '123456789', NULL, '2025-03-06', 2), (6, 'RaÃºl', 'raul', '$2a$10$UTlOxphWadZOLw7WyuRMZegeadUMTxkrImo0M3jEcP8rXCfgKHSAu', 'raullebone@gmail.com', '123456789', NULL, '2025-03-06', 2), (7,'Joker', 'joker', '$2a$10$ZPprl2mnySEypC2uXfI2ZOr4Erfex0eZnV9rz9I.6aWLKGqCzn5Gy', 'jokerin.escuchame@gmail.com', '123456789', NULL, '2025-03-06', 2), (8,'Lucas', 'lucas', '$2a$10$R7RUXA5hFWoiQBv86OMum.XIwT8yAoStHGm4Nq8IKDPPdZhyIUjlG', 'lmherencia2003@gmail.com', '123456789', NULL, '2025-03-06', 2), (9,'Horacio', 'horacio', '$2a$10$27jxOLz1ZiW5JenEP9mAHuUIqqC4ikcpKivs7RctrL./oa6744XBG', 'geko.hor@gmail.com', '123456789', NULL, '2025-03-06', 2), (10,'SimÃ³n', 'simon', '$2a$10$EGnjDiPAHjWq4gqGuHCELu.7dTZC8QfWDomw2U1zqaU2W0zTLWo8y', 'simoncgs03@gmail.com', '123456789', NULL, '2025-03-06', 2), (12,'Javier', 'javies_pacheco', '$2a$10$jUmsF51W4XktY/h5f8No7OK7N9k4/hEjLq./Fu5WaU64cCqa5UoTW', 'pachecomarquezjavier@gmail.com', '123456789', NULL, '2025-03-06', 2), (13,'Henrique', 'henrique', '$2a$10$l7lEAGJeP9XKgnG4tR.eFu5urKYqlorQ473Xw7cMP28VCZSgxWvR6', 'henrique.rebolho@gmail.com', '123456789', NULL, '2025-03-06', 2), (14,'Keegan', 'kaegan', '$2a$10$JMGNjw7FCRg93OpzaNcyoOU487HNsWGA.60t7.tHJR3NjP7YbZinC', 'Kcullen3289@gmail.com', '123456789', NULL, '2025-03-06', 2), (15,'Carlos', 'carlos', '$2a$10$oLfqIC4SCGAyEbQCzotpE..g/Yl97IXk0bJZfIrdIR7NQPavaL9ci', 'carlosperezsanchez199@gmail.com', '123456789', NULL, '2025-03-06', 2), (16,'Milagros', 'milagros', '$2a$10$2Dhx/WnQ35ZOC09L7771h.HoEcxCHS/ZXdxN1IWWWAqxKWzDV1Auy', 'milagros.huerta@gm.uca.es', '123456789', NULL, '2025-03-06', 2), (17,'Patricia', 'patricia', '$2a$10$QGdv6Hh.wwbjZYGnKE0KmudCtbJY14UdUWeRRgIgFlVtSncAQ1ATC', 'kaleta1979@gmail.com', '123456789', NULL, '2025-03-06', 2), (18,'Daniel', 'daniel_client', '$2a$10$cVAYXIe9J0UqKLI167aQbei83EPxPG8gunT3LiV8PM5ANzBYws2jm', 'megamagolas@gmail.com', '663522963', NULL, '2025-03-06', 2), (19,'Rafael', 'rafaelduque_client', '$2a$10$rJ3r.6r0SxZSSDCCyBS7Oeqz.7sklbP2s7B7fzRor0.4l.RjCQvZm', 'rafduqcol@alum.us.es', '722675760', NULL, '2025-03-06', 2), (20,'Rafael', 'rafaelcastillo_client', '$2a$10$9zB4idpob/xWZc6YybjG5OqCtB3C.Pp/EOFUdPzCzHqkNPezKlRqK', 'rafaelcastillocebolla@gmail.com', '671168164', NULL, '2025-03-06', 2), (21,'Mohamed', 'mohamed_client', '$2a$10$RoYUv2ZWK/kYWrr59P92AuUlo5Dali9oT7anSHOxjTx0Gj1bbvcqa', 'mohmmedabourihhh@gmail.com', '602171961', NULL, '2025-03-06', 2), (22,'Enrique', 'enrique_client', '$2a$10$8D6HccaHzR8D4.nsE6RKCOTXD7TwDmsU0tnoL7I1MpeQUwqM.Iqh2', 'kiquegaraba@gmail.com', '600619217', NULL, '2025-03-06', 2), (23,'artist1', 'artist1', '$2a$10$.MO2C8rJV3d1pUitY0VV2.Oq7Sb5fquMZdHtFzBreBhc6DQkhpeXG', 'artist1@gmail.com', '1234567890', '/images/nobita.jpg', '2025-03-06', 3), (24,'Braulio', 'braulio', '$2a$10$ssldt91myREpm9HybH8Fjel0lBkM7kUrN4f4Mq7rIcR850lTT5FOG', 'braulioolmedo116@gmail.com', '1234567890', '/images/nobita.jpg', '2025-03-06', 3), (25,'Claudia', 'claudia','$2a$10$./BmsEgDLEnmNHvE2IzVw.R0OHV9Mx/C472kYE2m.UXS3tvJ.ucLK', 'xlaequis@gmail.com', '1234567890', '/images/nobita.jpg', '2025-03-06', 3), (26,'Miriam', 'miriam','$2a$10$NNCTIIupNB4bwGoopiJIyeuQEfTs83e5OMwVyhK2pfgA1QmUsZ88C', 'urownmailblik@gmail.com', '1234567890','/images/nobita.jpg', '2025-03-06', 3), (27,'Paola', 'paola','$2a$10$U1f34nC6FMdpRR2MARmuSe2z2HtzDCGw2O2gAVlbk21SJCGGikowG', 'pao.saaval@gmail.com', '1234567890','/images/nobita.jpg', '2025-03-06', 3), (28,'Victor', 'victor','$2a$10$sYswSMxvEOywMhyWaC0bt.O.uPTnSyzxAT92rz/qvTmNOlG4N8nEe', 'jsjxhwjifyhyyy@gmail.com', '1234567890','/images/nobita.jpg', '2025-03-06', 3), (29,'Yellow', 'yellow','$2a$10$KN.AZMXZq9LuaTbwJDn3JuH64f7VdY2yV0EAn.YX2sI3Sa5I5pZXK', 'yell0w.4rtist@gmail.com', '1234567890','/images/nobita.jpg', '2025-03-06', 3), (30,'Alex', 'alex','$2a$10$XX3Txv49mAAxtWbcqhjQyu5Ha9PeilkSoNkCkfvDMYSxZsm2t0uxS', 'vsandoval.gd@gmail.com', '1234567890','/images/nobita.jpg', '2025-03-06', 3), (31,'Patricia', 'peu','$2a$10$iYEVysKxOQ8mQRfO5Mbh9eykOtZawl4XdiVyUBzD08RxCdEsyFzTW', 'linkaris95@gmail.com', '1234567890','/images/nobita.jpg', '2025-03-06', 3), (32,'Izzy', 'izzy','$2a$10$aSFqJY0l/WP5eIveiCytD..v9EoxIWpKGovaIbrupkq1DjWQlbacG', 'artofiz.comms@gmail.com', '1234567890','/images/nobita.jpg', '2025-03-06', 3), (33,'Gabriela', 'gabriela','$2a$10$0JsCTov5IDQR2nJvQARKneL1KB6SCdjr1PvGQ88tP5qJvhsT.Z6fa', 'meowm7512@gmail.com', '1234567890','/images/nobita.jpg', '2025-03-06', 3), (34,'Alex', 'tesla','$2a$10$Te1gPC9ZOBrsDJ71XphYr.5TbBMgqqea2hRV33u4yE2OB9JfovC96', 'soloparainformatica23@gmail.com', '1234567890','/images/nobita.jpg', '2025-03-06', 3), (35,'Gurutze', 'churros','$2a$10$tk9XOUj.3AiCREPRF70xUOp4ExXn4AGpF5yad5ewzCuuug7IGJuqO', 'gurutze.contact@gmail.com', '1234567890','/images/nobita.jpg', '2025-03-06', 3), (36,'Damaris', 'damaris','$2a$10$rhUAtnuv7WqW4ufo/a.wkeOzHco2GFWXsvx6WBC.fZdi0swbCERf6', 'damaris.narvaezjimenez@gmail.com', '1234567890','/images/nobita.jpg', '2025-03-06', 3), (37,'Sofia', 'rata','$2a$10$4sJMWhxkUDrI4M.uAQ228OM8vYf/wBcJCctAqA.nZXRMgygH02mAy', 'already.dead.baby@gmail.com', '1234567890','/images/nobita.jpg', '2025-03-06', 3), (38,'Daniel', 'daniel_artist','$2a$10$x5PArdGNz86t6sqYpM.URevvy/.wE4OYgnGcmcKdmclTf3myUXnGu', 'megamagolas@gmail.com', '663522963', '/images/nobita.jpg', '2025-03-06', 3), (39,'Rafael', 'rafaelduque_artist','$2a$10$QP6LWLpPFKowv.s67KpaM.w2w0g.hiz3UfW2QcQyqlI7ovWxDr1XK', 'rafduqcol@alum.us.es', '722675760','/images/nobita.jpg', '2025-03-06', 3), (40,'Rafael', 'rafaelcastillo_artist','$2a$10$KHEzZb0ioIjGoAYqvUX6G.5q6apcUxxMCY.dLXpnTgZnuFjkMLfdG', 'rafaelcastillocebolla@gmail.com', '671168164','/images/nobita.jpg', '2025-03-06', 3), (41,'Mohamed', 'mohamed_artist','$2a$10$/xzsXNtwVMPX4eIu1coLYeBWvN7DDMiuzAE39B3M3fCt1SvVPo73u', 'mohmmedabourihhh@gmail.com', '602171961','/images/nobita.jpg', '2025-03-06', 3), (42,'Enrique', 'enrique_artist','$2a$10$tbDdopmXHspY4l2iTHMJl.wFf/btZGataJBHRRdenrDHRSsHh/GlC', 'kiquegaraba@gmail.com', '600619217','/images/nobita.jpg', '2025-03-06', 3)
2025-03-19 16:08:42 [main] DEBUG o.s.jdbc.datasource.init.ScriptUtils - 21 returned as update count for SQL: INSERT INTO clients (id, base_user_id) VALUES (1, 1), (2, 2), (3, 3), (4, 4), (5, 5), (6, 6), (7, 7), (8, 8), (9, 9), (10, 10), (12, 12), (13, 13), (14, 14), (15, 15), (16, 16), (17, 17), (18, 18), (19, 19), (20, 20), (21, 21), (22, 22)
2025-03-19 16:08:42 [main] DEBUG o.s.jdbc.datasource.init.ScriptUtils - 20 returned as update count for SQL: INSERT INTO artists (id, first_name, username, email, num_slots_of_work, table_commisions_price, base_user_id) VALUES (1, 'artist1', 'artist1', 'artist1@gmail.com', 7, '/images/tableCommisionsPrice.png', 23), (2, 'Braulio', 'braulio', 'braulioolmedo116@gmail.com', 7, '/images/tableCommisionsPrice.png', 24), (3, 'Claudia', 'claudia', 'xlaequis@gmail.com', 7, '/images/tableCommisionsPrice.png', 25), (4, 'Miriam', 'miriam', 'urownmailblik@gmail.com', 7, '/images/tableCommisionsPrice.png', 26), (5, 'Paola', 'paola', 'pao.saaval@gmail.com', 7, '/images/tableCommisionsPrice.png', 27), (6, 'Victor', 'victor', 'jsjxhwjifyhyyy@gmail.com', 7, '/images/tableCommisionsPrice.png', 28), (7, 'Yellow', 'yellow', 'yell0w.4rtist@gmail.com', 7, '/images/tableCommisionsPrice.png', 29), (8, 'Alex', 'alex', 'vsandoval.gd@gmail.com', 7, '/images/tableCommisionsPrice.png', 30), (9, 'Patricia', 'peu', 'linkaris95@gmail.com', 7, '/images/tableCommisionsPrice.png', 31), (10, 'Izzy', 'izzy', 'artofiz.comms@gmail.com', 7, '/images/tableCommisionsPrice.png', 32), (11, 'Gabriela', 'gabriela', 'meowm7512@gmail.com', 7, '/images/tableCommisionsPrice.png', 33), (12, 'Alex', 'tesla', 'soloparainformatica23@gmail.com', 7, '/images/tableCommisionsPrice.png', 34), (13, 'Gurutze', 'churros', 'gurutze.contact@gmail.com', 7, '/images/tableCommisionsPrice.png', 35), (14, 'Damaris', 'damaris', 'damaris.narvaezjimenez@gmail.com', 7, '/images/tableCommisionsPrice.png', 36), (15, 'Sofia', 'rata', 'already.dead.baby@gmail.com', 7, '/images/tableCommisionsPrice.png', 37), (16, 'Daniel', 'daniel_artist', 'megamagolas@gmail.com', 7, '/images/tableCommisionsPrice.png', 38), (17, 'Rafael', 'rafaelduque_artist', 'rafduqcol@alum.us.es', 7, '/images/tableCommisionsPrice.png', 39), (18, 'Rafael', 'rafaelcastillo_artist', 'rafaelcastillocebolla@gmail.com', 7, '/images/tableCommisionsPrice.png', 40), (19, 'Mohamed', 'mohamed_artist', 'mohmmedabourihhh@gmail.com', 7, '/images/tableCommisionsPrice.png', 41), (20, 'Enrique', 'enrique_artist', 'kiquegaraba@gmail.com', 7, '/images/tableCommisionsPrice.png', 42)
2025-03-19 16:08:42 [main] DEBUG o.s.jdbc.datasource.init.ScriptUtils - 8 returned as update count for SQL: INSERT INTO categories (id, name, description, image) VALUES (1, 'Painting', 'Artworks created using paint on a surface', '/images/painting_category.jpg'), (2, 'Digital Art', 'Artworks made using digital tools', '/images/digital_art_category.jpg'), (3, 'Sculpture', 'Three-dimensional art made by shaping materials', '/images/sculture_art_category.jpg'), (4, 'Photography', 'Artworks captured using a camera', '/images/abstract_art.jpg'), (5, 'Printmaking', 'Artworks created by printing techniques like etching or lithography', '/images/ocean_waves.jpg'), (6, 'Drawing', 'Artworks created using pencils, charcoal, or ink on paper', '/images/starry_night_replica.jpg'), (7, 'Textile Art', 'Artworks made using fabric, thread, or weaving techniques', '/images/sunset_painting.jpg'), (8, 'Ceramics', 'Artworks made from clay and hardened by heat', '/images/sunset_painting.jpg')
2025-03-19 16:08:42 [main] DEBUG o.s.jdbc.datasource.init.ScriptUtils - 5 returned as update count for SQL: INSERT INTO works_done(id, artist_id, name, description, price, image) VALUES (1, 1, 'Sunset Painting', 'A beautiful sunset painting', 150.0, '/images/sunset_painting.jpg'), (2, 1, 'Ocean Waves', 'A calming ocean scene with waves', 200.0, '/images/ocean_waves.jpg'), (3, 1, 'Starry Night Replica', 'Inspired by Van Goghâ€™s Starry Night', 300.0, '/images/starry_night_replica.jpg'), (4, 1, 'Abstract Art', 'A modern abstract composition', 180.0, '/images/abstract_art.jpg'), (5, 1, 'Forest Path', 'A peaceful forest pathway', 120.0, '/images/abstract_art.jpg')
2025-03-19 16:08:42 [main] DEBUG o.s.jdbc.datasource.init.ScriptUtils - 10 returned as update count for SQL: INSERT INTO status_kanban_order (id, artist_id, name, order_in_kanban, description, color) VALUES (1, 1, 'To Do', 1, 'Tasks that need to be started', '#FF5733'), (2, 2, 'In Progress', 2, 'Tasks that are currently being worked on', '#33FF57'), (3, 3, 'Review', 3, 'Tasks that need to be reviewed before completion', '#3357FF'), (4, 4, 'Completed', 4, 'Tasks that have been finished', '#F1C40F'), (5, 5, 'Archived', 5, 'Tasks that are no longer active but stored for reference', '#8E44AD'), (6, 6, 'Idea', 6, 'New concept or idea being explored', '#FFAA33'), (7, 7, 'Sketching', 7, 'Initial sketches and drafts', '#33A8FF'), (8, 8, 'Coloring', 8, 'Adding colors to the artwork', '#A833FF'), (9, 9, 'Final Touches', 9, 'Adding final adjustments before completion', '#33FFA8'), (10, 10, 'Published', 10, 'The artwork is completed and shared', '#FF338A')
2025-03-19 16:08:42 [main] DEBUG o.s.jdbc.datasource.init.ScriptUtils - 10 returned as update count for SQL: INSERT INTO commisions (id, artist_id, name, description, price, client_id, status, num_milestones, accepted_date_by_artist, payment_arrangement, status_kanban_order_id) VALUES (6, 1,'Sunset Painting', 'A beautiful sunset painting', 150.0, 1, 'REQUESTED', 3, '2025-03-01', 'INITIAL', 1), (7, 2, 'Ocean Waves', 'A calming ocean scene with waves', 200.0, 2, 'ACCEPTED', 4, '2025-03-02', 'FINAL', 2), (8, 3, 'Starry Night Replica', 'Inspired by Van Gogh`s Starry Night', 300.0, 3, 'REQUESTED', 5, '2025-03-03', 'FIFTYFIFTY', 3), (9, 4, 'Abstract Art', 'A modern abstract composition', 180.0, 4, 'IN_WAIT_LIST', 2, '2025-03-04', 'MODERATOR', 4), (10, 5, 'Forest Path', 'A peaceful forest pathway', 120.0, 5, 'ENDED', 6, '2025-03-05', 'INITIAL', 5), (11, 6, 'Sunset Horizon', 'A stunning view of the horizon at sunset', 250.0, 6, 'REJECTED', 1, '2025-03-06', 'FIFTYFIFTY', 6), (12, 7, 'Mountain Landscape', 'A beautiful mountain landscape painting', 350.0, 7, 'CANCELED', 4, '2025-03-07', 'FINAL', 7), (13, 8, 'Spring Flowers', 'A vibrant painting of spring flowers', 160.0, 8, 'ENDED', 3, '2025-03-08', 'INITIAL', 8), (14, 9, 'Cityscape', 'A modern cityscape in digital format', 400.0, 9, 'ACCEPTED', 5, '2025-03-09', 'FINAL', 9), (15, 10, 'Autumn Leaves', 'A peaceful autumn scene with falling leaves', 220.0, 10, 'REQUESTED', 2, '2025-03-10', 'MODERATOR', 10)
2025-03-19 16:08:42 [main] DEBUG o.s.jdbc.datasource.init.ScriptUtils - 20 returned as update count for SQL: INSERT INTO milestones (id, name, accepted, milestone_date, commision_id) VALUES (1, 'Initial Sketch', TRUE, '2025-03-02', 6), (2, 'Line Art', FALSE, '2025-03-05', 6), (3, 'Coloring Phase 1', TRUE, '2025-03-10', 7), (4, 'Final Touches', FALSE, '2025-03-15', 7), (5, '3D Model Base', TRUE, '2025-03-01', 8), (6, 'Texture Painting', FALSE, '2025-03-08', 8), (7, 'Concept Art Approval', TRUE, '2025-02-28', 9), (8, 'First Revision', FALSE, '2025-03-07', 9), (9, 'Final Rendering', TRUE, '2025-03-12', 10), (10, 'Lighting Adjustments', FALSE, '2025-03-18', 10), (11, 'Sketch Approval', TRUE, '2025-03-04', 11), (12, 'Base Colors', FALSE, '2025-03-09', 11), (13, 'Initial Composition', TRUE, '2025-02-27', 12), (14, 'Details Refinement', FALSE, '2025-03-06', 12), (15, 'Pose Approval', TRUE, '2025-03-03', 13), (16, 'Shading Process', FALSE, '2025-03-11', 13), (17, 'Sculpt Base Form', TRUE, '2025-03-02', 14), (18, 'Final Texture Mapping', FALSE, '2025-03-10', 14), (19, 'Animation Draft', TRUE, '2025-03-05', 15), (20, 'Final Review', FALSE, '2025-03-14', 15)
2025-03-19 16:08:42 [main] DEBUG o.s.jdbc.datasource.init.ScriptUtils - 10 returned as update count for SQL: INSERT INTO artist_category(id,artist_id,category_id) VALUES (1, 1, 1), (2, 1, 2), (3, 1, 3), (4, 2, 4), (5, 3, 5), (6, 4, 6), (7, 5, 7), (8, 6, 8), (9, 7, 4), (10, 8, 5)
2025-03-19 16:08:42 [main] DEBUG o.s.jdbc.datasource.init.ScriptUtils - 5 returned as update count for SQL: INSERT INTO work_category(id,category_id,work_id) VALUES (1, 1, 1), (2, 2, 2), (3, 3, 3), (4, 4, 4), (5, 5, 5)
2025-03-19 16:08:42 [main] DEBUG o.s.jdbc.datasource.init.ScriptUtils - Executed SQL script from file [C:\Users\juamo\Desktop\Acme-ANS-D0\target\classes\data.sql] in 57 ms.
2025-03-19 16:08:42 [main] INFO  c.H.Holos.HolosApplicationTests - Started HolosApplicationTests in 8.383 seconds (process running for 9.41)
]]></system-out>
  </testcase>
</testsuite>